  lab2.cpp
d:\my-projects\lab2\lab2\lab2.cpp(82): warning C4244: аргумент: преобразование "float" в "T", возможна потеря данных
          with
          [
              T=int
          ]
d:\my-projects\lab2\lab2\lab2.cpp(89): warning C4244: аргумент: преобразование "float" в "T", возможна потеря данных
          with
          [
              T=int
          ]
d:\my-projects\lab2\lab2\lab2.cpp(109): warning C4244: аргумент: преобразование "float" в "T", возможна потеря данных
          with
          [
              T=int
          ]
d:\my-projects\lab2\lab2\lab2.cpp(189): warning C4554: "&": проверьте приоритет операторов на ошибки; для уточнения приоритета используйте скобки
d:\my-projects\lab2\lab2\lab2.cpp(204): warning C4244: аргумент: преобразование "int" в "float", возможна потеря данных
d:\my-projects\lab2\lab2\lab2.cpp(207): warning C4244: аргумент: преобразование "int" в "float", возможна потеря данных
  lab2.vcxproj -> D:\My-projects\lab2\Debug\lab2.exe
